2024-02-23 14:45:28,157 - __main__ - INFO - System monitoring started...
2024-02-23 14:45:28,158 - __main__ - INFO - CPU Usage: 24.8%
2024-02-23 14:45:28,158 - __main__ - INFO - Memory Usage: 41.2%
2024-02-23 14:45:28,158 - __main__ - INFO - Disk Usage: 11.0%
2024-02-23 14:45:28,158 - __main__ - INFO - Network Stats: snetio(bytes_sent=49992434, bytes_recv=359923182, packets_sent=233939, packets_recv=268551, errin=0, errout=0, dropin=0, dropout=0)
2024-02-23 14:45:28,158 - __main__ - WARNING - CPU Usage has passed its threshold: 24.8%
2024-02-23 14:52:57,286 - __main__ - INFO - System monitoring started...
2024-02-23 14:52:57,287 - __main__ - INFO - CPU Usage: 25.6%
2024-02-23 14:52:57,287 - __main__ - INFO - Memory Usage: 41.1%
2024-02-23 14:52:57,287 - __main__ - INFO - Disk Usage: 11.0%
2024-02-23 14:52:57,287 - __main__ - INFO - Network Stats: snetio(bytes_sent=52511834, bytes_recv=361308594, packets_sent=245789, packets_recv=282206, errin=0, errout=0, dropin=0, dropout=0)
2024-02-23 14:53:19,314 - __main__ - INFO - System monitoring started...
2024-02-23 14:53:19,315 - __main__ - INFO - CPU Usage: 34.2%
2024-02-23 14:53:19,315 - __main__ - INFO - Memory Usage: 41.3%
2024-02-23 14:53:19,315 - __main__ - INFO - Disk Usage: 11.0%
2024-02-23 14:53:19,315 - __main__ - INFO - Network Stats: snetio(bytes_sent=52580436, bytes_recv=361385222, packets_sent=246484, packets_recv=283042, errin=0, errout=0, dropin=0, dropout=0)
2024-02-23 14:53:19,315 - __main__ - WARNING - CPU Usage has passed its threshold: 34.2%
2024-02-23 15:02:09,839 - __main__ - INFO - System monitoring started...
2024-02-23 15:02:09,839 - __main__ - INFO - CPU Usage: 24.8%
2024-02-23 15:02:09,839 - __main__ - INFO - Memory Usage: 44.1%
2024-02-23 15:02:09,839 - __main__ - INFO - Disk Usage: 11.0%
2024-02-23 15:02:09,839 - __main__ - INFO - Network Stats: snetio(bytes_sent=56061184, bytes_recv=363433144, packets_sent=263323, packets_recv=302185, errin=0, errout=0, dropin=0, dropout=0)
2024-02-23 15:02:09,839 - __main__ - WARNING - CPU Usage has passed its threshold: 24.8%
2024-02-23 15:03:14,095 - __main__ - INFO - System monitoring started...
2024-02-23 15:03:14,095 - __main__ - INFO - CPU Usage: 24.5%
2024-02-23 15:03:14,095 - __main__ - INFO - Memory Usage: 44.0%
2024-02-23 15:03:14,095 - __main__ - INFO - Disk Usage: 11.0%
2024-02-23 15:03:14,095 - __main__ - INFO - Network Stats: snetio(bytes_sent=56598830, bytes_recv=363643338, packets_sent=265250, packets_recv=304462, errin=0, errout=0, dropin=0, dropout=0)
2024-02-23 15:03:14,095 - __main__ - WARNING - CPU Usage has passed its threshold: 24.5%
2024-02-23 15:04:34,662 - __main__ - INFO - System monitoring started...
2024-02-23 15:04:34,662 - __main__ - INFO - CPU Usage: 29.7%
2024-02-23 15:04:34,662 - __main__ - INFO - Memory Usage: 44.2%
2024-02-23 15:04:34,663 - __main__ - INFO - Disk Usage: 11.0%
2024-02-23 15:04:34,663 - __main__ - INFO - Network Stats: snetio(bytes_sent=57360074, bytes_recv=363909077, packets_sent=267684, packets_recv=307366, errin=0, errout=0, dropin=0, dropout=0)
2024-02-23 15:04:34,663 - __main__ - WARNING - CPU Usage has passed its threshold: 29.7%
2024-02-23 15:05:05,048 - __main__ - INFO - CPU Usage: 30.0%
2024-02-23 15:05:05,048 - __main__ - INFO - Memory Usage: 45.2%
2024-02-23 15:05:05,048 - __main__ - INFO - Disk Usage: 11.0%
2024-02-23 15:05:05,048 - __main__ - INFO - Network Stats: snetio(bytes_sent=57694469, bytes_recv=363995363, packets_sent=268408, packets_recv=308178, errin=0, errout=0, dropin=0, dropout=0)
2024-02-23 15:05:05,048 - __main__ - WARNING - CPU Usage has passed its threshold: 30.0%
2024-02-23 15:39:38,695 - __main__ - INFO - System monitoring started...
2024-02-23 15:39:38,696 - __main__ - INFO - CPU Usage: 24.0%
2024-02-23 15:39:38,696 - __main__ - INFO - Memory Usage: 42.8%
2024-02-23 15:39:38,696 - __main__ - INFO - Disk Usage: 11.0%
2024-02-23 15:39:38,696 - __main__ - INFO - Network Stats: snetio(bytes_sent=70418720, bytes_recv=371828103, packets_sent=326768, packets_recv=375233, errin=0, errout=0, dropin=0, dropout=0)
2024-02-23 15:39:53,691 - __main__ - INFO - System monitoring started...
2024-02-23 15:39:53,692 - __main__ - INFO - CPU Usage: 25.5%
2024-02-23 15:39:53,692 - __main__ - INFO - Memory Usage: 42.8%
2024-02-23 15:39:53,692 - __main__ - INFO - Disk Usage: 11.0%
2024-02-23 15:39:53,692 - __main__ - INFO - Network Stats: snetio(bytes_sent=70477167, bytes_recv=371899758, packets_sent=327294, packets_recv=375875, errin=0, errout=0, dropin=0, dropout=0)
2024-02-23 15:39:53,692 - __main__ - WARNING - CPU Usage has passed its threshold: 25.5%
2024-02-23 15:43:08,515 - __main__ - INFO - System monitoring started...
2024-02-23 15:43:08,516 - __main__ - INFO - CPU Usage: 69.5%
2024-02-23 15:43:08,516 - __main__ - INFO - Memory Usage: 45.9%
2024-02-23 15:43:08,516 - __main__ - INFO - Disk Usage: 11.3%
2024-02-23 15:43:08,516 - __main__ - INFO - Network Stats: snetio(bytes_sent=71349610, bytes_recv=372463045, packets_sent=332336, packets_recv=381732, errin=0, errout=0, dropin=0, dropout=0)
2024-02-23 15:43:08,516 - __main__ - WARNING - CPU Usage has passed its threshold: 69.5%
