2024-02-23 13:21:11,026 - __main__ - INFO - System monitoring started...
2024-02-23 13:21:11,026 - __main__ - INFO - CPU Usage: 0.0%
2024-02-23 13:21:11,026 - __main__ - INFO - Memory Usage: 52.3%
2024-02-23 13:21:11,027 - __main__ - INFO - Disk Usage: 10.5%
2024-02-23 13:21:11,027 - __main__ - INFO - Network Stats: snetio(bytes_sent=22531130, bytes_recv=345122526, packets_sent=102353, packets_recv=118946, errin=0, errout=0, dropin=0, dropout=0)
2024-02-23 13:21:21,027 - __main__ - INFO - CPU Usage: 22.9%
2024-02-23 13:21:21,027 - __main__ - INFO - Memory Usage: 52.5%
2024-02-23 13:21:21,028 - __main__ - INFO - Disk Usage: 10.5%
2024-02-23 13:21:21,028 - __main__ - INFO - Network Stats: snetio(bytes_sent=22647967, bytes_recv=345158725, packets_sent=102635, packets_recv=119264, errin=0, errout=0, dropin=0, dropout=0)
2024-02-23 13:21:31,028 - __main__ - INFO - CPU Usage: 23.2%
2024-02-23 13:21:31,028 - __main__ - INFO - Memory Usage: 52.5%
2024-02-23 13:21:31,028 - __main__ - INFO - Disk Usage: 10.5%
2024-02-23 13:21:31,029 - __main__ - INFO - Network Stats: snetio(bytes_sent=22674788, bytes_recv=345185724, packets_sent=102897, packets_recv=119573, errin=0, errout=0, dropin=0, dropout=0)
2024-02-23 13:21:41,029 - __main__ - INFO - CPU Usage: 24.7%
2024-02-23 13:21:41,029 - __main__ - INFO - Memory Usage: 52.5%
2024-02-23 13:21:41,030 - __main__ - INFO - Disk Usage: 10.5%
2024-02-23 13:21:41,030 - __main__ - INFO - Network Stats: snetio(bytes_sent=22707640, bytes_recv=345220244, packets_sent=103231, packets_recv=119976, errin=0, errout=0, dropin=0, dropout=0)
2024-02-23 13:21:51,030 - __main__ - INFO - CPU Usage: 22.8%
2024-02-23 13:21:51,030 - __main__ - INFO - Memory Usage: 52.8%
2024-02-23 13:21:51,030 - __main__ - INFO - Disk Usage: 10.5%
2024-02-23 13:21:51,030 - __main__ - INFO - Network Stats: snetio(bytes_sent=22743123, bytes_recv=345258058, packets_sent=103591, packets_recv=120400, errin=0, errout=0, dropin=0, dropout=0)
2024-02-23 13:22:00,864 - __main__ - INFO - System monitoring started...
2024-02-23 13:22:00,865 - __main__ - INFO - CPU Usage: 100.0%
2024-02-23 13:22:00,865 - __main__ - INFO - Memory Usage: 52.7%
2024-02-23 13:22:00,865 - __main__ - INFO - Disk Usage: 10.5%
2024-02-23 13:22:00,865 - __main__ - INFO - Network Stats: snetio(bytes_sent=22774996, bytes_recv=345291821, packets_sent=103906, packets_recv=120776, errin=0, errout=0, dropin=0, dropout=0)
2024-02-23 13:22:00,865 - __main__ - INFO - CPU Usage has passed its threshold: 100.0%
2024-02-23 13:22:05,866 - __main__ - INFO - CPU Usage: 22.3%
2024-02-23 13:22:05,866 - __main__ - INFO - Memory Usage: 52.7%
2024-02-23 13:22:05,866 - __main__ - INFO - Disk Usage: 10.5%
2024-02-23 13:22:05,866 - __main__ - INFO - Network Stats: snetio(bytes_sent=22789484, bytes_recv=345305956, packets_sent=104053, packets_recv=120942, errin=0, errout=0, dropin=0, dropout=0)
2024-02-23 13:22:05,867 - __main__ - INFO - CPU Usage has passed its threshold: 22.3%
2024-02-23 13:22:10,867 - __main__ - INFO - CPU Usage: 20.9%
2024-02-23 13:22:10,867 - __main__ - INFO - Memory Usage: 52.7%
2024-02-23 13:22:10,867 - __main__ - INFO - Disk Usage: 10.5%
2024-02-23 13:22:10,868 - __main__ - INFO - Network Stats: snetio(bytes_sent=22801705, bytes_recv=345317712, packets_sent=104173, packets_recv=121073, errin=0, errout=0, dropin=0, dropout=0)
2024-02-23 13:22:10,868 - __main__ - INFO - CPU Usage has passed its threshold: 20.9%
2024-02-23 13:22:25,233 - __main__ - INFO - System monitoring started...
2024-02-23 13:22:25,233 - __main__ - INFO - CPU Usage: 66.7%
2024-02-23 13:22:25,233 - __main__ - INFO - Memory Usage: 52.7%
2024-02-23 13:22:25,233 - __main__ - INFO - Disk Usage: 10.5%
2024-02-23 13:22:25,234 - __main__ - INFO - Network Stats: snetio(bytes_sent=22857102, bytes_recv=345379514, packets_sent=104721, packets_recv=121721, errin=0, errout=0, dropin=0, dropout=0)
2024-02-23 13:22:25,234 - __main__ - WARNING - CPU Usage has passed its threshold: 66.7%
2024-02-23 13:22:30,234 - __main__ - INFO - CPU Usage: 21.7%
2024-02-23 13:22:30,234 - __main__ - INFO - Memory Usage: 52.7%
2024-02-23 13:22:30,234 - __main__ - INFO - Disk Usage: 10.5%
2024-02-23 13:22:30,235 - __main__ - INFO - Network Stats: snetio(bytes_sent=22871579, bytes_recv=345395041, packets_sent=104866, packets_recv=121894, errin=0, errout=0, dropin=0, dropout=0)
2024-02-23 13:22:30,235 - __main__ - WARNING - CPU Usage has passed its threshold: 21.7%
2024-02-23 13:22:35,235 - __main__ - INFO - CPU Usage: 22.6%
2024-02-23 13:22:35,235 - __main__ - INFO - Memory Usage: 52.6%
2024-02-23 13:22:35,235 - __main__ - INFO - Disk Usage: 10.5%
2024-02-23 13:22:35,235 - __main__ - INFO - Network Stats: snetio(bytes_sent=22884811, bytes_recv=345407702, packets_sent=104999, packets_recv=122041, errin=0, errout=0, dropin=0, dropout=0)
2024-02-23 13:22:35,236 - __main__ - WARNING - CPU Usage has passed its threshold: 22.6%
2024-02-23 13:29:57,958 - __main__ - INFO - System monitoring started...
2024-02-23 13:29:57,958 - __main__ - INFO - CPU Usage: 0.0%
2024-02-23 13:29:57,959 - __main__ - INFO - Memory Usage: 61.3%
2024-02-23 13:29:57,959 - __main__ - INFO - Disk Usage: 10.7%
2024-02-23 13:29:57,959 - __main__ - INFO - Network Stats: snetio(bytes_sent=29536232, bytes_recv=347006350, packets_sent=117680, packets_recv=136024, errin=0, errout=0, dropin=0, dropout=0)
2024-02-23 13:30:02,960 - __main__ - INFO - CPU Usage: 50.2%
2024-02-23 13:30:02,960 - __main__ - INFO - Memory Usage: 59.7%
2024-02-23 13:30:02,960 - __main__ - INFO - Disk Usage: 10.6%
2024-02-23 13:30:02,960 - __main__ - INFO - Network Stats: snetio(bytes_sent=29551277, bytes_recv=347021922, packets_sent=117821, packets_recv=136194, errin=0, errout=0, dropin=0, dropout=0)
2024-02-23 13:30:02,960 - __main__ - WARNING - CPU Usage has passed its threshold: 50.2%
2024-02-23 13:30:07,961 - __main__ - INFO - CPU Usage: 66.3%
2024-02-23 13:30:07,961 - __main__ - INFO - Memory Usage: 59.9%
2024-02-23 13:30:07,961 - __main__ - INFO - Disk Usage: 10.6%
2024-02-23 13:30:07,962 - __main__ - INFO - Network Stats: snetio(bytes_sent=29565100, bytes_recv=347035006, packets_sent=117962, packets_recv=136345, errin=0, errout=0, dropin=0, dropout=0)
2024-02-23 13:30:07,962 - __main__ - WARNING - CPU Usage has passed its threshold: 66.3%
2024-02-23 13:30:12,963 - __main__ - INFO - CPU Usage: 52.1%
2024-02-23 13:30:12,963 - __main__ - INFO - Memory Usage: 60.1%
2024-02-23 13:30:12,963 - __main__ - INFO - Disk Usage: 10.6%
2024-02-23 13:30:12,963 - __main__ - INFO - Network Stats: snetio(bytes_sent=29580211, bytes_recv=347050250, packets_sent=118112, packets_recv=136515, errin=0, errout=0, dropin=0, dropout=0)
2024-02-23 13:30:12,963 - __main__ - WARNING - CPU Usage has passed its threshold: 52.1%
2024-02-23 13:30:17,964 - __main__ - INFO - CPU Usage: 38.1%
2024-02-23 13:30:17,964 - __main__ - INFO - Memory Usage: 59.1%
2024-02-23 13:30:17,964 - __main__ - INFO - Disk Usage: 10.6%
2024-02-23 13:30:17,964 - __main__ - INFO - Network Stats: snetio(bytes_sent=29770212, bytes_recv=347068491, packets_sent=118293, packets_recv=136728, errin=0, errout=0, dropin=0, dropout=0)
2024-02-23 13:30:17,964 - __main__ - WARNING - CPU Usage has passed its threshold: 38.1%
2024-02-23 13:30:22,965 - __main__ - INFO - CPU Usage: 30.7%
2024-02-23 13:30:22,965 - __main__ - INFO - Memory Usage: 59.5%
2024-02-23 13:30:22,965 - __main__ - INFO - Disk Usage: 10.5%
2024-02-23 13:30:22,965 - __main__ - INFO - Network Stats: snetio(bytes_sent=29787542, bytes_recv=347084351, packets_sent=118463, packets_recv=136912, errin=0, errout=0, dropin=0, dropout=0)
2024-02-23 13:30:22,965 - __main__ - WARNING - CPU Usage has passed its threshold: 30.7%
2024-02-23 13:30:27,966 - __main__ - INFO - CPU Usage: 30.6%
2024-02-23 13:30:27,966 - __main__ - INFO - Memory Usage: 58.1%
2024-02-23 13:30:27,966 - __main__ - INFO - Disk Usage: 10.5%
2024-02-23 13:30:27,966 - __main__ - INFO - Network Stats: snetio(bytes_sent=29799912, bytes_recv=347095844, packets_sent=118582, packets_recv=137042, errin=0, errout=0, dropin=0, dropout=0)
2024-02-23 13:30:27,966 - __main__ - WARNING - CPU Usage has passed its threshold: 30.6%
2024-02-23 13:30:32,967 - __main__ - INFO - CPU Usage: 31.6%
2024-02-23 13:30:32,967 - __main__ - INFO - Memory Usage: 58.3%
2024-02-23 13:30:32,967 - __main__ - INFO - Disk Usage: 10.5%
2024-02-23 13:30:32,968 - __main__ - INFO - Network Stats: snetio(bytes_sent=29989393, bytes_recv=347112608, packets_sent=118752, packets_recv=137233, errin=0, errout=0, dropin=0, dropout=0)
2024-02-23 13:30:32,968 - __main__ - WARNING - CPU Usage has passed its threshold: 31.6%
2024-02-23 13:30:37,968 - __main__ - INFO - CPU Usage: 34.3%
2024-02-23 13:30:37,968 - __main__ - INFO - Memory Usage: 58.7%
2024-02-23 13:30:37,969 - __main__ - INFO - Disk Usage: 10.5%
2024-02-23 13:30:37,969 - __main__ - INFO - Network Stats: snetio(bytes_sent=30011523, bytes_recv=347236718, packets_sent=118953, packets_recv=137472, errin=0, errout=0, dropin=0, dropout=0)
2024-02-23 13:30:37,969 - __main__ - WARNING - CPU Usage has passed its threshold: 34.3%
2024-02-23 13:30:42,969 - __main__ - INFO - CPU Usage: 29.3%
2024-02-23 13:30:42,970 - __main__ - INFO - Memory Usage: 59.2%
2024-02-23 13:30:42,970 - __main__ - INFO - Disk Usage: 10.5%
2024-02-23 13:30:42,970 - __main__ - INFO - Network Stats: snetio(bytes_sent=30028107, bytes_recv=347252603, packets_sent=119101, packets_recv=137636, errin=0, errout=0, dropin=0, dropout=0)
2024-02-23 13:30:42,970 - __main__ - WARNING - CPU Usage has passed its threshold: 29.3%
2024-02-23 13:30:47,970 - __main__ - INFO - CPU Usage: 32.9%
2024-02-23 13:30:47,971 - __main__ - INFO - Memory Usage: 58.5%
2024-02-23 13:30:47,971 - __main__ - INFO - Disk Usage: 10.5%
2024-02-23 13:30:47,971 - __main__ - INFO - Network Stats: snetio(bytes_sent=30048260, bytes_recv=347278007, packets_sent=119276, packets_recv=137850, errin=0, errout=0, dropin=0, dropout=0)
2024-02-23 13:30:47,971 - __main__ - WARNING - CPU Usage has passed its threshold: 32.9%
2024-02-23 13:30:52,972 - __main__ - INFO - CPU Usage: 34.3%
2024-02-23 13:30:52,972 - __main__ - INFO - Memory Usage: 58.7%
2024-02-23 13:30:52,972 - __main__ - INFO - Disk Usage: 10.5%
2024-02-23 13:30:52,972 - __main__ - INFO - Network Stats: snetio(bytes_sent=30066219, bytes_recv=347297491, packets_sent=119462, packets_recv=138068, errin=0, errout=0, dropin=0, dropout=0)
2024-02-23 13:30:52,972 - __main__ - WARNING - CPU Usage has passed its threshold: 34.3%
2024-02-23 13:30:57,973 - __main__ - INFO - CPU Usage: 33.7%
2024-02-23 13:30:57,973 - __main__ - INFO - Memory Usage: 59.3%
2024-02-23 13:30:57,973 - __main__ - INFO - Disk Usage: 10.5%
2024-02-23 13:30:57,973 - __main__ - INFO - Network Stats: snetio(bytes_sent=30082011, bytes_recv=347313934, packets_sent=119620, packets_recv=138251, errin=0, errout=0, dropin=0, dropout=0)
2024-02-23 13:30:57,973 - __main__ - WARNING - CPU Usage has passed its threshold: 33.7%
2024-02-23 13:31:02,974 - __main__ - INFO - CPU Usage: 30.5%
2024-02-23 13:31:02,974 - __main__ - INFO - Memory Usage: 59.7%
2024-02-23 13:31:02,974 - __main__ - INFO - Disk Usage: 10.5%
2024-02-23 13:31:02,974 - __main__ - INFO - Network Stats: snetio(bytes_sent=30093445, bytes_recv=347324771, packets_sent=119727, packets_recv=138371, errin=0, errout=0, dropin=0, dropout=0)
2024-02-23 13:31:02,974 - __main__ - WARNING - CPU Usage has passed its threshold: 30.5%
2024-02-23 13:31:07,975 - __main__ - INFO - CPU Usage: 32.2%
2024-02-23 13:31:07,978 - __main__ - INFO - Memory Usage: 60.0%
2024-02-23 13:31:07,978 - __main__ - INFO - Disk Usage: 10.5%
2024-02-23 13:31:07,978 - __main__ - INFO - Network Stats: snetio(bytes_sent=30114799, bytes_recv=347348145, packets_sent=119949, packets_recv=138638, errin=0, errout=0, dropin=0, dropout=0)
2024-02-23 13:31:07,978 - __main__ - WARNING - CPU Usage has passed its threshold: 32.2%
2024-02-23 13:31:12,979 - __main__ - INFO - CPU Usage: 35.5%
2024-02-23 13:31:12,980 - __main__ - INFO - Memory Usage: 59.7%
2024-02-23 13:31:12,980 - __main__ - INFO - Disk Usage: 10.5%
2024-02-23 13:31:12,980 - __main__ - INFO - Network Stats: snetio(bytes_sent=30133486, bytes_recv=347367575, packets_sent=120146, packets_recv=138861, errin=0, errout=0, dropin=0, dropout=0)
2024-02-23 13:31:12,980 - __main__ - WARNING - CPU Usage has passed its threshold: 35.5%
2024-02-23 13:31:17,981 - __main__ - INFO - CPU Usage: 37.0%
2024-02-23 13:31:17,981 - __main__ - INFO - Memory Usage: 57.9%
2024-02-23 13:31:17,981 - __main__ - INFO - Disk Usage: 10.6%
2024-02-23 13:31:17,981 - __main__ - INFO - Network Stats: snetio(bytes_sent=30149674, bytes_recv=347383949, packets_sent=120314, packets_recv=139052, errin=0, errout=0, dropin=0, dropout=0)
2024-02-23 13:31:17,981 - __main__ - WARNING - CPU Usage has passed its threshold: 37.0%
2024-02-23 13:31:22,982 - __main__ - INFO - CPU Usage: 43.0%
2024-02-23 13:31:22,982 - __main__ - INFO - Memory Usage: 52.1%
2024-02-23 13:31:22,982 - __main__ - INFO - Disk Usage: 10.6%
2024-02-23 13:31:22,982 - __main__ - INFO - Network Stats: snetio(bytes_sent=30263825, bytes_recv=347420668, packets_sent=120579, packets_recv=139338, errin=0, errout=0, dropin=0, dropout=0)
2024-02-23 13:31:22,982 - __main__ - WARNING - CPU Usage has passed its threshold: 43.0%
2024-02-23 13:31:27,983 - __main__ - INFO - CPU Usage: 36.2%
2024-02-23 13:31:27,983 - __main__ - INFO - Memory Usage: 52.0%
2024-02-23 13:31:27,983 - __main__ - INFO - Disk Usage: 10.4%
2024-02-23 13:31:27,983 - __main__ - INFO - Network Stats: snetio(bytes_sent=30282378, bytes_recv=347437904, packets_sent=120758, packets_recv=139540, errin=0, errout=0, dropin=0, dropout=0)
2024-02-23 13:31:27,983 - __main__ - WARNING - CPU Usage has passed its threshold: 36.2%
2024-02-23 13:31:32,984 - __main__ - INFO - CPU Usage: 31.7%
2024-02-23 13:31:32,984 - __main__ - INFO - Memory Usage: 52.4%
2024-02-23 13:31:32,984 - __main__ - INFO - Disk Usage: 10.4%
2024-02-23 13:31:32,985 - __main__ - INFO - Network Stats: snetio(bytes_sent=30295916, bytes_recv=347450908, packets_sent=120892, packets_recv=139688, errin=0, errout=0, dropin=0, dropout=0)
2024-02-23 13:31:32,985 - __main__ - WARNING - CPU Usage has passed its threshold: 31.7%
2024-02-23 13:31:37,985 - __main__ - INFO - CPU Usage: 40.7%
2024-02-23 13:31:37,986 - __main__ - INFO - Memory Usage: 51.2%
2024-02-23 13:31:37,986 - __main__ - INFO - Disk Usage: 10.5%
2024-02-23 13:31:37,986 - __main__ - INFO - Network Stats: snetio(bytes_sent=30310121, bytes_recv=347464880, packets_sent=121034, packets_recv=139847, errin=0, errout=0, dropin=0, dropout=0)
2024-02-23 13:31:37,986 - __main__ - WARNING - CPU Usage has passed its threshold: 40.7%
2024-02-23 13:31:42,987 - __main__ - INFO - CPU Usage: 48.0%
2024-02-23 13:31:42,987 - __main__ - INFO - Memory Usage: 51.4%
2024-02-23 13:31:42,987 - __main__ - INFO - Disk Usage: 10.6%
2024-02-23 13:31:42,987 - __main__ - INFO - Network Stats: snetio(bytes_sent=30324210, bytes_recv=347478233, packets_sent=121176, packets_recv=140000, errin=0, errout=0, dropin=0, dropout=0)
2024-02-23 13:31:42,987 - __main__ - WARNING - CPU Usage has passed its threshold: 48.0%
2024-02-23 13:31:47,988 - __main__ - INFO - CPU Usage: 42.3%
2024-02-23 13:31:47,988 - __main__ - INFO - Memory Usage: 52.0%
2024-02-23 13:31:47,988 - __main__ - INFO - Disk Usage: 10.6%
2024-02-23 13:31:47,988 - __main__ - INFO - Network Stats: snetio(bytes_sent=30338402, bytes_recv=347492154, packets_sent=121318, packets_recv=140160, errin=0, errout=0, dropin=0, dropout=0)
2024-02-23 13:31:47,988 - __main__ - WARNING - CPU Usage has passed its threshold: 42.3%
2024-02-23 13:31:52,989 - __main__ - INFO - CPU Usage: 57.5%
2024-02-23 13:31:52,989 - __main__ - INFO - Memory Usage: 53.6%
2024-02-23 13:31:52,989 - __main__ - INFO - Disk Usage: 10.6%
2024-02-23 13:31:52,989 - __main__ - INFO - Network Stats: snetio(bytes_sent=30361117, bytes_recv=347519749, packets_sent=121555, packets_recv=140437, errin=0, errout=0, dropin=0, dropout=0)
2024-02-23 13:31:52,989 - __main__ - WARNING - CPU Usage has passed its threshold: 57.5%
2024-02-23 13:31:57,990 - __main__ - INFO - CPU Usage: 39.3%
2024-02-23 13:31:57,990 - __main__ - INFO - Memory Usage: 54.1%
2024-02-23 13:31:57,990 - __main__ - INFO - Disk Usage: 10.6%
2024-02-23 13:31:57,990 - __main__ - INFO - Network Stats: snetio(bytes_sent=30385931, bytes_recv=347549407, packets_sent=121821, packets_recv=140740, errin=0, errout=0, dropin=0, dropout=0)
2024-02-23 13:31:57,990 - __main__ - WARNING - CPU Usage has passed its threshold: 39.3%
2024-02-23 13:32:02,991 - __main__ - INFO - CPU Usage: 33.3%
2024-02-23 13:32:02,991 - __main__ - INFO - Memory Usage: 52.7%
2024-02-23 13:32:02,991 - __main__ - INFO - Disk Usage: 10.6%
2024-02-23 13:32:02,991 - __main__ - INFO - Network Stats: snetio(bytes_sent=30627588, bytes_recv=347669219, packets_sent=122457, packets_recv=141417, errin=0, errout=0, dropin=0, dropout=0)
2024-02-23 13:32:02,991 - __main__ - WARNING - CPU Usage has passed its threshold: 33.3%
2024-02-23 13:32:07,992 - __main__ - INFO - CPU Usage: 31.3%
2024-02-23 13:32:07,992 - __main__ - INFO - Memory Usage: 53.0%
2024-02-23 13:32:07,992 - __main__ - INFO - Disk Usage: 10.9%
2024-02-23 13:32:07,992 - __main__ - INFO - Network Stats: snetio(bytes_sent=30649089, bytes_recv=347691489, packets_sent=122650, packets_recv=141628, errin=0, errout=0, dropin=0, dropout=0)
2024-02-23 13:32:07,992 - __main__ - WARNING - CPU Usage has passed its threshold: 31.3%
2024-02-23 13:32:12,993 - __main__ - INFO - CPU Usage: 32.8%
2024-02-23 13:32:12,993 - __main__ - INFO - Memory Usage: 53.3%
2024-02-23 13:32:12,993 - __main__ - INFO - Disk Usage: 10.9%
2024-02-23 13:32:12,993 - __main__ - INFO - Network Stats: snetio(bytes_sent=30839459, bytes_recv=347705655, packets_sent=122788, packets_recv=141783, errin=0, errout=0, dropin=0, dropout=0)
2024-02-23 13:32:12,993 - __main__ - WARNING - CPU Usage has passed its threshold: 32.8%
2024-02-23 13:32:17,994 - __main__ - INFO - CPU Usage: 46.5%
2024-02-23 13:32:17,994 - __main__ - INFO - Memory Usage: 52.7%
2024-02-23 13:32:17,994 - __main__ - INFO - Disk Usage: 10.9%
2024-02-23 13:32:17,994 - __main__ - INFO - Network Stats: snetio(bytes_sent=30851561, bytes_recv=347716272, packets_sent=122898, packets_recv=141902, errin=0, errout=0, dropin=0, dropout=0)
2024-02-23 13:32:17,994 - __main__ - WARNING - CPU Usage has passed its threshold: 46.5%
2024-02-23 13:32:22,995 - __main__ - INFO - CPU Usage: 31.1%
2024-02-23 13:32:22,995 - __main__ - INFO - Memory Usage: 52.6%
2024-02-23 13:32:22,995 - __main__ - INFO - Disk Usage: 11.0%
2024-02-23 13:32:22,995 - __main__ - INFO - Network Stats: snetio(bytes_sent=30885508, bytes_recv=347758397, packets_sent=123119, packets_recv=142133, errin=0, errout=0, dropin=0, dropout=0)
2024-02-23 13:32:22,995 - __main__ - WARNING - CPU Usage has passed its threshold: 31.1%
2024-02-23 13:32:27,996 - __main__ - INFO - CPU Usage: 29.0%
2024-02-23 13:32:27,996 - __main__ - INFO - Memory Usage: 52.1%
2024-02-23 13:32:27,997 - __main__ - INFO - Disk Usage: 11.0%
2024-02-23 13:32:27,997 - __main__ - INFO - Network Stats: snetio(bytes_sent=31076377, bytes_recv=347777546, packets_sent=123299, packets_recv=142339, errin=0, errout=0, dropin=0, dropout=0)
2024-02-23 13:32:27,997 - __main__ - WARNING - CPU Usage has passed its threshold: 29.0%
2024-02-23 13:32:32,998 - __main__ - INFO - CPU Usage: 27.6%
2024-02-23 13:32:32,998 - __main__ - INFO - Memory Usage: 52.0%
2024-02-23 13:32:32,998 - __main__ - INFO - Disk Usage: 11.0%
2024-02-23 13:32:32,998 - __main__ - INFO - Network Stats: snetio(bytes_sent=31099890, bytes_recv=347805546, packets_sent=123514, packets_recv=142607, errin=0, errout=0, dropin=0, dropout=0)
2024-02-23 13:32:32,998 - __main__ - WARNING - CPU Usage has passed its threshold: 27.6%
2024-02-23 13:32:37,999 - __main__ - INFO - CPU Usage: 30.4%
2024-02-23 13:32:37,999 - __main__ - INFO - Memory Usage: 50.2%
2024-02-23 13:32:37,999 - __main__ - INFO - Disk Usage: 11.1%
2024-02-23 13:32:37,999 - __main__ - INFO - Network Stats: snetio(bytes_sent=31115213, bytes_recv=347819475, packets_sent=123665, packets_recv=142768, errin=0, errout=0, dropin=0, dropout=0)
2024-02-23 13:32:37,999 - __main__ - WARNING - CPU Usage has passed its threshold: 30.4%
2024-02-23 13:32:43,000 - __main__ - INFO - CPU Usage: 29.2%
2024-02-23 13:32:43,000 - __main__ - INFO - Memory Usage: 50.4%
2024-02-23 13:32:43,001 - __main__ - INFO - Disk Usage: 11.0%
2024-02-23 13:32:43,001 - __main__ - INFO - Network Stats: snetio(bytes_sent=31303654, bytes_recv=347835120, packets_sent=123817, packets_recv=142944, errin=0, errout=0, dropin=0, dropout=0)
2024-02-23 13:32:43,001 - __main__ - WARNING - CPU Usage has passed its threshold: 29.2%
2024-02-23 13:32:48,002 - __main__ - INFO - CPU Usage: 62.5%
2024-02-23 13:32:48,002 - __main__ - INFO - Memory Usage: 50.3%
2024-02-23 13:32:48,002 - __main__ - INFO - Disk Usage: 11.0%
2024-02-23 13:32:48,002 - __main__ - INFO - Network Stats: snetio(bytes_sent=31325436, bytes_recv=347858313, packets_sent=124017, packets_recv=143152, errin=0, errout=0, dropin=0, dropout=0)
2024-02-23 13:32:48,002 - __main__ - WARNING - CPU Usage has passed its threshold: 62.5%
2024-02-23 13:32:53,003 - __main__ - INFO - CPU Usage: 43.6%
2024-02-23 13:32:53,003 - __main__ - INFO - Memory Usage: 50.2%
2024-02-23 13:32:53,003 - __main__ - INFO - Disk Usage: 10.9%
2024-02-23 13:32:53,003 - __main__ - INFO - Network Stats: snetio(bytes_sent=31343156, bytes_recv=347875478, packets_sent=124199, packets_recv=143355, errin=0, errout=0, dropin=0, dropout=0)
2024-02-23 13:32:53,003 - __main__ - WARNING - CPU Usage has passed its threshold: 43.6%
2024-02-23 13:32:58,004 - __main__ - INFO - CPU Usage: 28.9%
2024-02-23 13:32:58,004 - __main__ - INFO - Memory Usage: 50.2%
2024-02-23 13:32:58,004 - __main__ - INFO - Disk Usage: 10.9%
2024-02-23 13:32:58,004 - __main__ - INFO - Network Stats: snetio(bytes_sent=31362524, bytes_recv=347895617, packets_sent=124400, packets_recv=143588, errin=0, errout=0, dropin=0, dropout=0)
2024-02-23 13:32:58,005 - __main__ - WARNING - CPU Usage has passed its threshold: 28.9%
2024-02-23 13:33:03,005 - __main__ - INFO - CPU Usage: 24.7%
2024-02-23 13:33:03,005 - __main__ - INFO - Memory Usage: 50.2%
2024-02-23 13:33:03,006 - __main__ - INFO - Disk Usage: 10.9%
2024-02-23 13:33:03,006 - __main__ - INFO - Network Stats: snetio(bytes_sent=31381694, bytes_recv=347920286, packets_sent=124597, packets_recv=143827, errin=0, errout=0, dropin=0, dropout=0)
2024-02-23 13:33:03,006 - __main__ - WARNING - CPU Usage has passed its threshold: 24.7%
2024-02-23 13:33:08,006 - __main__ - INFO - CPU Usage: 24.4%
2024-02-23 13:33:08,007 - __main__ - INFO - Memory Usage: 50.2%
2024-02-23 13:33:08,007 - __main__ - INFO - Disk Usage: 10.9%
2024-02-23 13:33:08,007 - __main__ - INFO - Network Stats: snetio(bytes_sent=31462226, bytes_recv=348029948, packets_sent=125201, packets_recv=144468, errin=0, errout=0, dropin=0, dropout=0)
2024-02-23 13:33:08,007 - __main__ - WARNING - CPU Usage has passed its threshold: 24.4%
2024-02-23 13:33:13,008 - __main__ - INFO - CPU Usage: 24.1%
2024-02-23 13:33:13,008 - __main__ - INFO - Memory Usage: 50.2%
2024-02-23 13:33:13,008 - __main__ - INFO - Disk Usage: 10.9%
2024-02-23 13:33:13,008 - __main__ - INFO - Network Stats: snetio(bytes_sent=31500222, bytes_recv=348079773, packets_sent=125449, packets_recv=144739, errin=0, errout=0, dropin=0, dropout=0)
2024-02-23 13:33:13,008 - __main__ - WARNING - CPU Usage has passed its threshold: 24.1%
2024-02-23 13:33:18,009 - __main__ - INFO - CPU Usage: 25.1%
2024-02-23 13:33:18,009 - __main__ - INFO - Memory Usage: 50.2%
2024-02-23 13:33:18,009 - __main__ - INFO - Disk Usage: 10.9%
2024-02-23 13:33:18,009 - __main__ - INFO - Network Stats: snetio(bytes_sent=31690370, bytes_recv=348104487, packets_sent=125609, packets_recv=144934, errin=0, errout=0, dropin=0, dropout=0)
2024-02-23 13:33:18,009 - __main__ - WARNING - CPU Usage has passed its threshold: 25.1%
2024-02-23 13:33:23,010 - __main__ - INFO - CPU Usage: 24.5%
2024-02-23 13:33:23,010 - __main__ - INFO - Memory Usage: 50.2%
2024-02-23 13:33:23,010 - __main__ - INFO - Disk Usage: 10.9%
2024-02-23 13:33:23,010 - __main__ - INFO - Network Stats: snetio(bytes_sent=31706727, bytes_recv=348117328, packets_sent=125742, packets_recv=145082, errin=0, errout=0, dropin=0, dropout=0)
2024-02-23 13:33:23,010 - __main__ - WARNING - CPU Usage has passed its threshold: 24.5%
2024-02-23 13:33:28,011 - __main__ - INFO - CPU Usage: 23.9%
2024-02-23 13:33:28,011 - __main__ - INFO - Memory Usage: 50.2%
2024-02-23 13:33:28,011 - __main__ - INFO - Disk Usage: 10.9%
2024-02-23 13:33:28,011 - __main__ - INFO - Network Stats: snetio(bytes_sent=31717887, bytes_recv=348127519, packets_sent=125846, packets_recv=145196, errin=0, errout=0, dropin=0, dropout=0)
2024-02-23 13:33:28,011 - __main__ - WARNING - CPU Usage has passed its threshold: 23.9%
2024-02-23 13:33:33,012 - __main__ - INFO - CPU Usage: 24.8%
2024-02-23 13:33:33,012 - __main__ - INFO - Memory Usage: 50.2%
2024-02-23 13:33:33,012 - __main__ - INFO - Disk Usage: 10.9%
2024-02-23 13:33:33,012 - __main__ - INFO - Network Stats: snetio(bytes_sent=31732219, bytes_recv=348141439, packets_sent=125986, packets_recv=145351, errin=0, errout=0, dropin=0, dropout=0)
2024-02-23 13:33:33,012 - __main__ - WARNING - CPU Usage has passed its threshold: 24.8%
2024-02-23 13:33:38,013 - __main__ - INFO - CPU Usage: 26.1%
2024-02-23 13:33:38,013 - __main__ - INFO - Memory Usage: 50.1%
2024-02-23 13:33:38,013 - __main__ - INFO - Disk Usage: 10.9%
2024-02-23 13:33:38,013 - __main__ - INFO - Network Stats: snetio(bytes_sent=31919482, bytes_recv=348155645, packets_sent=126136, packets_recv=145517, errin=0, errout=0, dropin=0, dropout=0)
2024-02-23 13:33:38,013 - __main__ - WARNING - CPU Usage has passed its threshold: 26.1%
2024-02-23 13:33:43,014 - __main__ - INFO - CPU Usage: 29.1%
2024-02-23 13:33:43,014 - __main__ - INFO - Memory Usage: 50.2%
2024-02-23 13:33:43,014 - __main__ - INFO - Disk Usage: 10.9%
2024-02-23 13:33:43,014 - __main__ - INFO - Network Stats: snetio(bytes_sent=31933128, bytes_recv=348165830, packets_sent=126237, packets_recv=145631, errin=0, errout=0, dropin=0, dropout=0)
2024-02-23 13:33:43,014 - __main__ - WARNING - CPU Usage has passed its threshold: 29.1%
2024-02-23 13:33:48,015 - __main__ - INFO - CPU Usage: 27.3%
2024-02-23 13:33:48,015 - __main__ - INFO - Memory Usage: 50.4%
2024-02-23 13:33:48,015 - __main__ - INFO - Disk Usage: 10.9%
2024-02-23 13:33:48,015 - __main__ - INFO - Network Stats: snetio(bytes_sent=31944385, bytes_recv=348190133, packets_sent=126343, packets_recv=145753, errin=0, errout=0, dropin=0, dropout=0)
2024-02-23 13:33:48,015 - __main__ - WARNING - CPU Usage has passed its threshold: 27.3%
2024-02-23 13:33:53,016 - __main__ - INFO - CPU Usage: 27.4%
2024-02-23 13:33:53,016 - __main__ - INFO - Memory Usage: 50.4%
2024-02-23 13:33:53,016 - __main__ - INFO - Disk Usage: 10.9%
2024-02-23 13:33:53,016 - __main__ - INFO - Network Stats: snetio(bytes_sent=31958580, bytes_recv=348228671, packets_sent=126490, packets_recv=145919, errin=0, errout=0, dropin=0, dropout=0)
2024-02-23 13:33:53,016 - __main__ - WARNING - CPU Usage has passed its threshold: 27.4%
2024-02-23 13:33:58,017 - __main__ - INFO - CPU Usage: 25.7%
2024-02-23 13:33:58,017 - __main__ - INFO - Memory Usage: 50.4%
2024-02-23 13:33:58,017 - __main__ - INFO - Disk Usage: 10.9%
2024-02-23 13:33:58,017 - __main__ - INFO - Network Stats: snetio(bytes_sent=31970420, bytes_recv=348239124, packets_sent=126602, packets_recv=146038, errin=0, errout=0, dropin=0, dropout=0)
2024-02-23 13:33:58,017 - __main__ - WARNING - CPU Usage has passed its threshold: 25.7%
2024-02-23 13:34:03,018 - __main__ - INFO - CPU Usage: 29.6%
2024-02-23 13:34:03,018 - __main__ - INFO - Memory Usage: 50.1%
2024-02-23 13:34:03,018 - __main__ - INFO - Disk Usage: 11.0%
2024-02-23 13:34:03,019 - __main__ - INFO - Network Stats: snetio(bytes_sent=31981242, bytes_recv=348252702, packets_sent=126701, packets_recv=146149, errin=0, errout=0, dropin=0, dropout=0)
2024-02-23 13:34:03,019 - __main__ - WARNING - CPU Usage has passed its threshold: 29.6%
2024-02-23 13:34:08,019 - __main__ - INFO - CPU Usage: 34.5%
2024-02-23 13:34:08,019 - __main__ - INFO - Memory Usage: 49.6%
2024-02-23 13:34:08,020 - __main__ - INFO - Disk Usage: 11.0%
2024-02-23 13:34:08,020 - __main__ - INFO - Network Stats: snetio(bytes_sent=31994163, bytes_recv=348264723, packets_sent=126829, packets_recv=146288, errin=0, errout=0, dropin=0, dropout=0)
2024-02-23 13:34:08,020 - __main__ - WARNING - CPU Usage has passed its threshold: 34.5%
2024-02-23 13:34:13,020 - __main__ - INFO - CPU Usage: 26.8%
2024-02-23 13:34:13,021 - __main__ - INFO - Memory Usage: 49.6%
2024-02-23 13:34:13,021 - __main__ - INFO - Disk Usage: 11.0%
2024-02-23 13:34:13,021 - __main__ - INFO - Network Stats: snetio(bytes_sent=32005139, bytes_recv=348274510, packets_sent=126930, packets_recv=146397, errin=0, errout=0, dropin=0, dropout=0)
2024-02-23 13:34:13,021 - __main__ - WARNING - CPU Usage has passed its threshold: 26.8%
2024-02-23 13:34:18,022 - __main__ - INFO - CPU Usage: 34.5%
2024-02-23 13:34:18,022 - __main__ - INFO - Memory Usage: 50.3%
2024-02-23 13:34:18,022 - __main__ - INFO - Disk Usage: 11.0%
2024-02-23 13:34:18,022 - __main__ - INFO - Network Stats: snetio(bytes_sent=32016206, bytes_recv=348284493, packets_sent=127032, packets_recv=146508, errin=0, errout=0, dropin=0, dropout=0)
2024-02-23 13:34:18,022 - __main__ - WARNING - CPU Usage has passed its threshold: 34.5%
2024-02-23 13:34:23,023 - __main__ - INFO - CPU Usage: 63.8%
2024-02-23 13:34:23,023 - __main__ - INFO - Memory Usage: 49.9%
2024-02-23 13:34:23,024 - __main__ - INFO - Disk Usage: 11.0%
2024-02-23 13:34:23,024 - __main__ - INFO - Network Stats: snetio(bytes_sent=32038447, bytes_recv=348308531, packets_sent=127245, packets_recv=146735, errin=0, errout=0, dropin=0, dropout=0)
2024-02-23 13:34:23,024 - __main__ - WARNING - CPU Usage has passed its threshold: 63.8%
2024-02-23 13:34:28,025 - __main__ - INFO - CPU Usage: 63.3%
2024-02-23 13:34:28,025 - __main__ - INFO - Memory Usage: 49.3%
2024-02-23 13:34:28,025 - __main__ - INFO - Disk Usage: 11.0%
2024-02-23 13:34:28,025 - __main__ - INFO - Network Stats: snetio(bytes_sent=32233854, bytes_recv=348338084, packets_sent=127466, packets_recv=147011, errin=0, errout=0, dropin=0, dropout=0)
2024-02-23 13:34:28,025 - __main__ - WARNING - CPU Usage has passed its threshold: 63.3%
2024-02-23 13:34:33,026 - __main__ - INFO - CPU Usage: 67.0%
2024-02-23 13:34:33,026 - __main__ - INFO - Memory Usage: 49.3%
2024-02-23 13:34:33,026 - __main__ - INFO - Disk Usage: 11.0%
2024-02-23 13:34:33,026 - __main__ - INFO - Network Stats: snetio(bytes_sent=32258056, bytes_recv=348361156, packets_sent=127679, packets_recv=147264, errin=0, errout=0, dropin=0, dropout=0)
2024-02-23 13:34:33,026 - __main__ - WARNING - CPU Usage has passed its threshold: 67.0%
2024-02-23 13:34:38,027 - __main__ - INFO - CPU Usage: 73.9%
2024-02-23 13:34:38,027 - __main__ - INFO - Memory Usage: 49.9%
2024-02-23 13:34:38,028 - __main__ - INFO - Disk Usage: 11.0%
2024-02-23 13:34:38,028 - __main__ - INFO - Network Stats: snetio(bytes_sent=32281996, bytes_recv=348383480, packets_sent=127886, packets_recv=147516, errin=0, errout=0, dropin=0, dropout=0)
2024-02-23 13:34:38,028 - __main__ - WARNING - CPU Usage has passed its threshold: 73.9%
2024-02-23 13:34:43,029 - __main__ - INFO - CPU Usage: 65.9%
2024-02-23 13:34:43,029 - __main__ - INFO - Memory Usage: 49.3%
2024-02-23 13:34:43,029 - __main__ - INFO - Disk Usage: 11.0%
2024-02-23 13:34:43,029 - __main__ - INFO - Network Stats: snetio(bytes_sent=32303822, bytes_recv=348407820, packets_sent=128106, packets_recv=147787, errin=0, errout=0, dropin=0, dropout=0)
2024-02-23 13:34:43,029 - __main__ - WARNING - CPU Usage has passed its threshold: 65.9%
2024-02-23 13:34:48,033 - __main__ - INFO - CPU Usage: 69.1%
2024-02-23 13:34:48,033 - __main__ - INFO - Memory Usage: 49.7%
2024-02-23 13:34:48,033 - __main__ - INFO - Disk Usage: 11.0%
2024-02-23 13:34:48,034 - __main__ - INFO - Network Stats: snetio(bytes_sent=32323350, bytes_recv=348423897, packets_sent=128258, packets_recv=147965, errin=0, errout=0, dropin=0, dropout=0)
2024-02-23 13:34:48,034 - __main__ - WARNING - CPU Usage has passed its threshold: 69.1%
2024-02-23 13:34:53,034 - __main__ - INFO - CPU Usage: 64.3%
2024-02-23 13:34:53,035 - __main__ - INFO - Memory Usage: 49.9%
2024-02-23 13:34:53,035 - __main__ - INFO - Disk Usage: 11.0%
2024-02-23 13:34:53,035 - __main__ - INFO - Network Stats: snetio(bytes_sent=32344318, bytes_recv=348441205, packets_sent=128438, packets_recv=148168, errin=0, errout=0, dropin=0, dropout=0)
2024-02-23 13:34:53,035 - __main__ - WARNING - CPU Usage has passed its threshold: 64.3%
2024-02-23 13:34:58,036 - __main__ - INFO - CPU Usage: 63.4%
2024-02-23 13:34:58,036 - __main__ - INFO - Memory Usage: 49.9%
2024-02-23 13:34:58,036 - __main__ - INFO - Disk Usage: 11.0%
2024-02-23 13:34:58,036 - __main__ - INFO - Network Stats: snetio(bytes_sent=32365271, bytes_recv=348458446, packets_sent=128625, packets_recv=148368, errin=0, errout=0, dropin=0, dropout=0)
2024-02-23 13:34:58,036 - __main__ - WARNING - CPU Usage has passed its threshold: 63.4%
2024-02-23 13:35:03,037 - __main__ - INFO - CPU Usage: 61.9%
2024-02-23 13:35:03,037 - __main__ - INFO - Memory Usage: 50.1%
2024-02-23 13:35:03,038 - __main__ - INFO - Disk Usage: 11.0%
2024-02-23 13:35:03,038 - __main__ - INFO - Network Stats: snetio(bytes_sent=32383936, bytes_recv=348473875, packets_sent=128779, packets_recv=148546, errin=0, errout=0, dropin=0, dropout=0)
2024-02-23 13:35:03,038 - __main__ - WARNING - CPU Usage has passed its threshold: 61.9%
2024-02-23 13:35:08,038 - __main__ - INFO - CPU Usage: 50.1%
2024-02-23 13:35:08,039 - __main__ - INFO - Memory Usage: 50.3%
2024-02-23 13:35:08,039 - __main__ - INFO - Disk Usage: 11.0%
2024-02-23 13:35:08,039 - __main__ - INFO - Network Stats: snetio(bytes_sent=32405803, bytes_recv=348491804, packets_sent=128968, packets_recv=148757, errin=0, errout=0, dropin=0, dropout=0)
2024-02-23 13:35:08,039 - __main__ - WARNING - CPU Usage has passed its threshold: 50.1%
2024-02-23 13:35:13,040 - __main__ - INFO - CPU Usage: 34.0%
2024-02-23 13:35:13,040 - __main__ - INFO - Memory Usage: 50.3%
2024-02-23 13:35:13,040 - __main__ - INFO - Disk Usage: 10.3%
2024-02-23 13:35:13,041 - __main__ - INFO - Network Stats: snetio(bytes_sent=32465091, bytes_recv=348567312, packets_sent=129337, packets_recv=149157, errin=0, errout=0, dropin=0, dropout=0)
2024-02-23 13:35:13,041 - __main__ - WARNING - CPU Usage has passed its threshold: 34.0%
2024-02-23 13:35:18,044 - __main__ - INFO - CPU Usage: 32.8%
2024-02-23 13:35:18,044 - __main__ - INFO - Memory Usage: 50.7%
2024-02-23 13:35:18,044 - __main__ - INFO - Disk Usage: 10.3%
2024-02-23 13:35:18,044 - __main__ - INFO - Network Stats: snetio(bytes_sent=32489622, bytes_recv=348590768, packets_sent=129556, packets_recv=149412, errin=0, errout=0, dropin=0, dropout=0)
2024-02-23 13:35:18,044 - __main__ - WARNING - CPU Usage has passed its threshold: 32.8%
2024-02-23 13:35:23,045 - __main__ - INFO - CPU Usage: 34.8%
2024-02-23 13:35:23,045 - __main__ - INFO - Memory Usage: 50.8%
2024-02-23 13:35:23,045 - __main__ - INFO - Disk Usage: 10.3%
2024-02-23 13:35:23,045 - __main__ - INFO - Network Stats: snetio(bytes_sent=32574333, bytes_recv=348692536, packets_sent=130125, packets_recv=150030, errin=0, errout=0, dropin=0, dropout=0)
2024-02-23 13:35:23,045 - __main__ - WARNING - CPU Usage has passed its threshold: 34.8%
2024-02-23 13:41:27,378 - __main__ - INFO - System monitoring started...
2024-02-23 13:41:27,378 - __main__ - INFO - CPU Usage: 0.0%
2024-02-23 13:41:27,378 - __main__ - INFO - Memory Usage: 49.6%
2024-02-23 13:41:27,378 - __main__ - INFO - Disk Usage: 10.5%
2024-02-23 13:41:27,378 - __main__ - INFO - Network Stats: snetio(bytes_sent=35060670, bytes_recv=349870409, packets_sent=140682, packets_recv=162294, errin=0, errout=0, dropin=0, dropout=0)
2024-02-23 13:41:27,379 - __main__ - WARNING - Disk Usage has passed its threshold: 10.5%
2024-02-23 13:41:32,379 - __main__ - INFO - CPU Usage: 23.2%
2024-02-23 13:41:32,380 - __main__ - INFO - Memory Usage: 49.5%
2024-02-23 13:41:32,380 - __main__ - INFO - Disk Usage: 10.5%
2024-02-23 13:41:32,380 - __main__ - INFO - Network Stats: snetio(bytes_sent=35078813, bytes_recv=349885606, packets_sent=140820, packets_recv=162461, errin=0, errout=0, dropin=0, dropout=0)
2024-02-23 13:41:32,380 - __main__ - WARNING - Disk Usage has passed its threshold: 10.5%
2024-02-23 13:41:37,380 - __main__ - INFO - CPU Usage: 24.5%
2024-02-23 13:41:37,381 - __main__ - INFO - Memory Usage: 49.5%
2024-02-23 13:41:37,381 - __main__ - INFO - Disk Usage: 10.5%
2024-02-23 13:41:37,381 - __main__ - INFO - Network Stats: snetio(bytes_sent=35095952, bytes_recv=349898566, packets_sent=140950, packets_recv=162608, errin=0, errout=0, dropin=0, dropout=0)
2024-02-23 13:41:37,381 - __main__ - WARNING - Disk Usage has passed its threshold: 10.5%
2024-02-23 13:41:42,382 - __main__ - INFO - CPU Usage: 24.5%
2024-02-23 13:41:42,382 - __main__ - INFO - Memory Usage: 49.6%
2024-02-23 13:41:42,382 - __main__ - INFO - Disk Usage: 10.5%
2024-02-23 13:41:42,382 - __main__ - INFO - Network Stats: snetio(bytes_sent=35116343, bytes_recv=349915099, packets_sent=141119, packets_recv=162801, errin=0, errout=0, dropin=0, dropout=0)
2024-02-23 13:41:42,382 - __main__ - WARNING - Disk Usage has passed its threshold: 10.5%
2024-02-23 13:41:47,382 - __main__ - INFO - CPU Usage: 25.1%
2024-02-23 13:41:47,383 - __main__ - INFO - Memory Usage: 49.3%
2024-02-23 13:41:47,383 - __main__ - INFO - Disk Usage: 10.5%
2024-02-23 13:41:47,383 - __main__ - INFO - Network Stats: snetio(bytes_sent=35137113, bytes_recv=349932449, packets_sent=141286, packets_recv=162995, errin=0, errout=0, dropin=0, dropout=0)
2024-02-23 13:41:47,383 - __main__ - WARNING - Disk Usage has passed its threshold: 10.5%
2024-02-23 13:41:52,383 - __main__ - INFO - CPU Usage: 29.5%
2024-02-23 13:41:52,383 - __main__ - INFO - Memory Usage: 49.5%
2024-02-23 13:41:52,383 - __main__ - INFO - Disk Usage: 10.5%
2024-02-23 13:41:52,383 - __main__ - INFO - Network Stats: snetio(bytes_sent=35152746, bytes_recv=349943387, packets_sent=141395, packets_recv=163117, errin=0, errout=0, dropin=0, dropout=0)
2024-02-23 13:41:52,384 - __main__ - WARNING - Disk Usage has passed its threshold: 10.5%
2024-02-23 13:41:57,384 - __main__ - INFO - CPU Usage: 24.9%
2024-02-23 13:41:57,384 - __main__ - INFO - Memory Usage: 49.5%
2024-02-23 13:41:57,385 - __main__ - INFO - Disk Usage: 10.5%
2024-02-23 13:41:57,385 - __main__ - INFO - Network Stats: snetio(bytes_sent=35172394, bytes_recv=349958990, packets_sent=141550, packets_recv=163298, errin=0, errout=0, dropin=0, dropout=0)
2024-02-23 13:41:57,385 - __main__ - WARNING - Disk Usage has passed its threshold: 10.5%
2024-02-23 13:42:02,385 - __main__ - INFO - CPU Usage: 31.2%
2024-02-23 13:42:02,386 - __main__ - INFO - Memory Usage: 49.7%
2024-02-23 13:42:02,386 - __main__ - INFO - Disk Usage: 10.5%
2024-02-23 13:42:02,386 - __main__ - INFO - Network Stats: snetio(bytes_sent=35188567, bytes_recv=349970164, packets_sent=141665, packets_recv=163423, errin=0, errout=0, dropin=0, dropout=0)
2024-02-23 13:42:02,386 - __main__ - WARNING - Disk Usage has passed its threshold: 10.5%
2024-02-23 13:42:07,386 - __main__ - INFO - CPU Usage: 29.6%
2024-02-23 13:42:07,387 - __main__ - INFO - Memory Usage: 50.0%
2024-02-23 13:42:07,387 - __main__ - INFO - Disk Usage: 10.5%
2024-02-23 13:42:07,387 - __main__ - INFO - Network Stats: snetio(bytes_sent=35207176, bytes_recv=349984790, packets_sent=141802, packets_recv=163590, errin=0, errout=0, dropin=0, dropout=0)
2024-02-23 13:42:07,387 - __main__ - WARNING - Disk Usage has passed its threshold: 10.5%
2024-02-23 13:42:12,388 - __main__ - INFO - CPU Usage: 27.1%
2024-02-23 13:42:12,388 - __main__ - INFO - Memory Usage: 50.4%
2024-02-23 13:42:12,388 - __main__ - INFO - Disk Usage: 10.5%
2024-02-23 13:42:12,388 - __main__ - INFO - Network Stats: snetio(bytes_sent=35227437, bytes_recv=350000553, packets_sent=141963, packets_recv=163770, errin=0, errout=0, dropin=0, dropout=0)
2024-02-23 13:42:12,388 - __main__ - WARNING - Memory Usage has passed its threshold: 50.4%
2024-02-23 13:42:12,388 - __main__ - WARNING - Disk Usage has passed its threshold: 10.5%
2024-02-23 13:42:17,389 - __main__ - INFO - CPU Usage: 25.2%
2024-02-23 13:42:17,389 - __main__ - INFO - Memory Usage: 50.4%
2024-02-23 13:42:17,389 - __main__ - INFO - Disk Usage: 10.5%
2024-02-23 13:42:17,389 - __main__ - INFO - Network Stats: snetio(bytes_sent=35245735, bytes_recv=350014246, packets_sent=142098, packets_recv=163916, errin=0, errout=0, dropin=0, dropout=0)
2024-02-23 13:42:17,389 - __main__ - WARNING - Memory Usage has passed its threshold: 50.4%
2024-02-23 13:42:17,389 - __main__ - WARNING - Disk Usage has passed its threshold: 10.5%
2024-02-23 13:42:22,390 - __main__ - INFO - CPU Usage: 27.4%
2024-02-23 13:42:22,390 - __main__ - INFO - Memory Usage: 50.5%
2024-02-23 13:42:22,390 - __main__ - INFO - Disk Usage: 10.5%
2024-02-23 13:42:22,390 - __main__ - INFO - Network Stats: snetio(bytes_sent=35267660, bytes_recv=350035376, packets_sent=142270, packets_recv=164133, errin=0, errout=0, dropin=0, dropout=0)
2024-02-23 13:42:22,390 - __main__ - WARNING - Memory Usage has passed its threshold: 50.5%
2024-02-23 13:42:22,390 - __main__ - WARNING - Disk Usage has passed its threshold: 10.5%
2024-02-23 13:42:27,391 - __main__ - INFO - CPU Usage: 24.4%
2024-02-23 13:42:27,391 - __main__ - INFO - Memory Usage: 50.5%
2024-02-23 13:42:27,391 - __main__ - INFO - Disk Usage: 10.5%
2024-02-23 13:42:27,391 - __main__ - INFO - Network Stats: snetio(bytes_sent=35286303, bytes_recv=350049784, packets_sent=142416, packets_recv=164296, errin=0, errout=0, dropin=0, dropout=0)
2024-02-23 13:42:27,391 - __main__ - WARNING - Memory Usage has passed its threshold: 50.5%
2024-02-23 13:42:27,391 - __main__ - WARNING - Disk Usage has passed its threshold: 10.5%
2024-02-23 13:42:32,392 - __main__ - INFO - CPU Usage: 24.2%
2024-02-23 13:42:32,392 - __main__ - INFO - Memory Usage: 50.3%
2024-02-23 13:42:32,392 - __main__ - INFO - Disk Usage: 10.5%
2024-02-23 13:42:32,392 - __main__ - INFO - Network Stats: snetio(bytes_sent=35305421, bytes_recv=350064862, packets_sent=142558, packets_recv=164464, errin=0, errout=0, dropin=0, dropout=0)
2024-02-23 13:42:32,392 - __main__ - WARNING - Memory Usage has passed its threshold: 50.3%
2024-02-23 13:42:32,392 - __main__ - WARNING - Disk Usage has passed its threshold: 10.5%
2024-02-23 13:42:37,393 - __main__ - INFO - CPU Usage: 25.1%
2024-02-23 13:42:37,393 - __main__ - INFO - Memory Usage: 50.4%
2024-02-23 13:42:37,393 - __main__ - INFO - Disk Usage: 10.6%
2024-02-23 13:42:37,393 - __main__ - INFO - Network Stats: snetio(bytes_sent=35322898, bytes_recv=350077384, packets_sent=142684, packets_recv=164601, errin=0, errout=0, dropin=0, dropout=0)
2024-02-23 13:42:37,393 - __main__ - WARNING - Memory Usage has passed its threshold: 50.4%
2024-02-23 13:42:37,394 - __main__ - WARNING - Disk Usage has passed its threshold: 10.6%
2024-02-23 13:42:44,175 - __main__ - INFO - System monitoring started...
2024-02-23 13:42:44,176 - __main__ - INFO - CPU Usage: 0.0%
2024-02-23 13:42:44,176 - __main__ - INFO - Memory Usage: 50.6%
2024-02-23 13:42:44,176 - __main__ - INFO - Disk Usage: 10.5%
2024-02-23 13:42:44,176 - __main__ - INFO - Network Stats: snetio(bytes_sent=35349644, bytes_recv=350100005, packets_sent=142912, packets_recv=164864, errin=0, errout=0, dropin=0, dropout=0)
2024-02-23 13:42:49,176 - __main__ - INFO - CPU Usage: 33.4%
2024-02-23 13:42:49,177 - __main__ - INFO - Memory Usage: 50.8%
2024-02-23 13:42:49,177 - __main__ - INFO - Disk Usage: 10.5%
2024-02-23 13:42:49,177 - __main__ - INFO - Network Stats: snetio(bytes_sent=35367420, bytes_recv=350112963, packets_sent=143040, packets_recv=165009, errin=0, errout=0, dropin=0, dropout=0)
2024-02-23 13:42:54,178 - __main__ - INFO - CPU Usage: 26.9%
2024-02-23 13:42:54,178 - __main__ - INFO - Memory Usage: 50.9%
2024-02-23 13:42:54,178 - __main__ - INFO - Disk Usage: 10.5%
2024-02-23 13:42:54,178 - __main__ - INFO - Network Stats: snetio(bytes_sent=35392759, bytes_recv=350128703, packets_sent=143166, packets_recv=165153, errin=0, errout=0, dropin=0, dropout=0)
2024-02-23 13:42:59,179 - __main__ - INFO - CPU Usage: 22.4%
2024-02-23 13:42:59,179 - __main__ - INFO - Memory Usage: 50.9%
2024-02-23 13:42:59,179 - __main__ - INFO - Disk Usage: 10.5%
2024-02-23 13:42:59,179 - __main__ - INFO - Network Stats: snetio(bytes_sent=35424176, bytes_recv=350161834, packets_sent=143443, packets_recv=165484, errin=0, errout=0, dropin=0, dropout=0)
2024-02-23 13:43:04,180 - __main__ - INFO - CPU Usage: 24.3%
2024-02-23 13:43:04,180 - __main__ - INFO - Memory Usage: 50.8%
2024-02-23 13:43:04,180 - __main__ - INFO - Disk Usage: 10.5%
2024-02-23 13:43:04,180 - __main__ - INFO - Network Stats: snetio(bytes_sent=35447065, bytes_recv=350182217, packets_sent=143626, packets_recv=165713, errin=0, errout=0, dropin=0, dropout=0)
2024-02-23 13:43:09,181 - __main__ - INFO - CPU Usage: 22.6%
2024-02-23 13:43:09,181 - __main__ - INFO - Memory Usage: 50.7%
2024-02-23 13:43:09,181 - __main__ - INFO - Disk Usage: 10.5%
2024-02-23 13:43:09,181 - __main__ - INFO - Network Stats: snetio(bytes_sent=35469133, bytes_recv=350200361, packets_sent=143779, packets_recv=165893, errin=0, errout=0, dropin=0, dropout=0)
